\BOOKMARK [1][-]{section.1}{\376\377\000P\000o\000u\001\176\000i\000t\000\351\000\040\000t\000e\000c\000h\000n\000o\000l\000o\000g\000i\000e}{}% 1
\BOOKMARK [2][-]{subsection.1.1}{\376\377\000H\000T\000M\000L\000\040\000\050\000H\000y\000p\000e\000r\000t\000e\000x\000t\000\040\000M\000a\000r\000k\000u\000p\000\040\000L\000a\000n\000g\000u\000a\000g\000e\000\051}{section.1}% 2
\BOOKMARK [2][-]{subsection.1.2}{\376\377\000C\000S\000S\000\040\000\050\000C\000a\000s\000c\000a\000d\000i\000n\000g\000\040\000S\000t\000y\000l\000e\000\040\000S\000h\000e\000e\000t\000s\000\051}{section.1}% 3
\BOOKMARK [2][-]{subsection.1.3}{\376\377\000B\000o\000o\000t\000s\000t\000r\000a\000p}{section.1}% 4
\BOOKMARK [2][-]{subsection.1.4}{\376\377\000J\000a\000v\000a\000S\000c\000r\000i\000p\000t}{section.1}% 5
\BOOKMARK [2][-]{subsection.1.5}{\376\377\000j\000Q\000u\000e\000r\000y}{section.1}% 6
\BOOKMARK [2][-]{subsection.1.6}{\376\377\000A\000J\000A\000X\000\040\000\050\000A\000s\000y\000n\000c\000h\000r\000o\000n\000o\000u\000s\000\040\000J\000a\000v\000a\000S\000c\000r\000i\000p\000t\000\040\000a\000n\000d\000\040\000X\000M\000L\000\051}{section.1}% 7
\BOOKMARK [2][-]{subsection.1.7}{\376\377\000T\000w\000i\000g}{section.1}% 8
\BOOKMARK [2][-]{subsection.1.8}{\376\377\000P\000H\000P}{section.1}% 9
\BOOKMARK [2][-]{subsection.1.9}{\376\377\000C\000o\000m\000p\000o\000s\000e\000r}{section.1}% 10
\BOOKMARK [1][-]{section.2}{\376\377\000A\000d\000r\000e\000s\000\341\001\131\000o\000v\000\341\000\040\000s\000t\000r\000u\000k\000t\000u\000r\000a}{}% 11
\BOOKMARK [2][-]{subsection.2.1}{\376\377\000K\000o\001\131\000e\000n\000o\000v\000\375\000\040\000a\000d\000r\000e\000s\000\341\001\131}{section.2}% 12
\BOOKMARK [2][-]{subsection.2.2}{\376\377\000A\000d\000r\000e\000s\000\341\001\131\000\040\000c\000o\000n\000t\000r\000o\000l\000l\000e\000r}{section.2}% 13
\BOOKMARK [2][-]{subsection.2.3}{\376\377\000A\000d\000r\000e\000s\000\341\001\131\000\040\000c\000s\000s}{section.2}% 14
\BOOKMARK [2][-]{subsection.2.4}{\376\377\000A\000d\000r\000e\000s\000\341\001\131\000\040\000d\000b}{section.2}% 15
\BOOKMARK [2][-]{subsection.2.5}{\376\377\000A\000d\000r\000e\000s\000\341\001\131\000\040\000d\000e\000p\000e\000n\000d\000e\000n\000c\000i\000e\000s}{section.2}% 16
\BOOKMARK [2][-]{subsection.2.6}{\376\377\000A\000d\000r\000e\000s\000\341\001\131\000\040\000d\000o\000c}{section.2}% 17
\BOOKMARK [2][-]{subsection.2.7}{\376\377\000A\000d\000r\000e\000s\000\341\001\131\000\040\000j\000s}{section.2}% 18
\BOOKMARK [2][-]{subsection.2.8}{\376\377\000A\000d\000r\000e\000s\000\341\001\131\000\040\000m\000o\000d\000e\000l}{section.2}% 19
\BOOKMARK [2][-]{subsection.2.9}{\376\377\000A\000d\000r\000e\000s\000\341\001\131\000\040\000u\000p\000l\000o\000a\000d\000s}{section.2}% 20
\BOOKMARK [2][-]{subsection.2.10}{\376\377\000A\000d\000r\000e\000s\000\341\001\131\000\040\000v\000i\000e\000w}{section.2}% 21
\BOOKMARK [1][-]{section.3}{\376\377\000A\000r\000c\000h\000i\000t\000e\000k\000t\000u\000r\000a\000\040\000a\000p\000l\000i\000k\000a\000c\000e}{}% 22
\BOOKMARK [2][-]{subsection.3.1}{\376\377\000M\000o\000d\000e\000l}{section.3}% 23
\BOOKMARK [2][-]{subsection.3.2}{\376\377\000V\000i\000e\000w}{section.3}% 24
\BOOKMARK [2][-]{subsection.3.3}{\376\377\000A\000p\000p\000l\000i\000c\000a\000t\000i\000o\000n}{section.3}% 25
\BOOKMARK [2][-]{subsection.3.4}{\376\377\000C\000o\000n\000t\000r\000o\000l\000l\000e\000r}{section.3}% 26
\BOOKMARK [1][-]{section.4}{\376\377\000Z\000\341\000v\001\033\000r}{}% 27
